# JRE version: OpenJDK Runtime Environment Temurin-21.0.5+11 (21.0.5+11) (build 21.0.5+11-LTS)
# Java VM: OpenJDK 64-Bit Server VM Temurin-21.0.5+11 (21.0.5+11-LTS, mixed mode, emulated-client, sharing, tiered, compressed oops, compressed class ptrs, g1 gc, bsd-amd64)
GC Precious Log:
 CardTable entry size: 512
 Card Set container configuration: InlinePtr #cards 4 size 8 Array Of Cards #cards 16 size 48 Howl #buckets 8 coarsen threshold 3686 Howl Bitmap #cards 512 size 80 coarsen threshold 460 Card regions per heap region 1 cards per card region 4096
 CPUs: 12 total, 12 available
 Memory: 16384M
 Large Page Support: Disabled
 NUMA Support: Disabled
 Compressed Oops: Enabled (Zero based)
 Heap Region Size: 2M
 Heap Min Capacity: 8M
 Heap Initial Capacity: 256M
 Heap Max Capacity: 4G
 Pre-touch: Disabled
 Parallel Workers: 10
 Concurrent Workers: 3
 Concurrent Refinement Workers: 10
 Periodic GC: Disabled
Heap:
 garbage-first heap   total 294912K, used 264035K [0x0000000700000000, 0x0000000800000000)
  region size 2048K, 50 young (102400K), 3 survivors (6144K)
 Metaspace       used 64028K, committed 64768K, reserved 1114112K
  class space    used 8277K, committed 8640K, reserved 1048576K
GC Heap History (20 events):
Event: 25804.995 GC heap after
{Heap after GC invocations=77 (full 6):
 garbage-first heap   total 294912K, used 159276K [0x0000000700000000, 0x0000000800000000)
  region size 2048K, 0 young (0K), 0 survivors (0K)
 Metaspace       used 56959K, committed 57664K, reserved 1114112K
  class space    used 7706K, committed 8064K, reserved 1048576K
}
Event: 25817.102 GC heap before
{Heap before GC invocations=77 (full 6):
 garbage-first heap   total 294912K, used 249388K [0x0000000700000000, 0x0000000800000000)
  region size 2048K, 45 young (92160K), 0 survivors (0K)
 Metaspace       used 57669K, committed 58304K, reserved 1114112K
  class space    used 7762K, committed 8064K, reserved 1048576K
}
Event: 25817.133 GC heap after
{Heap after GC invocations=78 (full 7):
 garbage-first heap   total 294912K, used 160279K [0x0000000700000000, 0x0000000800000000)
  region size 2048K, 0 young (0K), 0 survivors (0K)
 Metaspace       used 57669K, committed 58304K, reserved 1114112K
  class space    used 7762K, committed 8064K, reserved 1048576K
}
Event: 25886.101 GC heap before
{Heap before GC invocations=78 (full 7):
 garbage-first heap   total 294912K, used 254487K [0x0000000700000000, 0x0000000800000000)
  region size 2048K, 47 young (96256K), 0 survivors (0K)
 Metaspace       used 58389K, committed 59072K, reserved 1114112K
  class space    used 7820K, committed 8128K, reserved 1048576K
}
Event: 25886.131 GC heap after
{Heap after GC invocations=79 (full 8):
 garbage-first heap   total 294912K, used 160420K [0x0000000700000000, 0x0000000800000000)
  region size 2048K, 0 young (0K), 0 survivors (0K)
 Metaspace       used 58389K, committed 59072K, reserved 1114112K
  class space    used 7820K, committed 8128K, reserved 1048576K
}
Event: 26033.014 GC heap before
{Heap before GC invocations=79 (full 8):
 garbage-first heap   total 294912K, used 260772K [0x0000000700000000, 0x0000000800000000)
  region size 2048K, 50 young (102400K), 0 survivors (0K)
 Metaspace       used 59102K, committed 59712K, reserved 1114112K
  class space    used 7876K, committed 8128K, reserved 1048576K
}
Event: 26033.042 GC heap after
{Heap after GC invocations=80 (full 9):
 garbage-first heap   total 294912K, used 160883K [0x0000000700000000, 0x0000000800000000)
  region size 2048K, 0 young (0K), 0 survivors (0K)
 Metaspace       used 59102K, committed 59712K, reserved 1114112K
  class space    used 7876K, committed 8128K, reserved 1048576K
}
Event: 26041.136 GC heap before
{Heap before GC invocations=80 (full 9):
 garbage-first heap   total 294912K, used 248947K [0x0000000700000000, 0x0000000800000000)
  region size 2048K, 45 young (92160K), 0 survivors (0K)
 Metaspace       used 59835K, committed 60480K, reserved 1114112K
  class space    used 7933K, committed 8256K, reserved 1048576K
}
Event: 26041.166 GC heap after
{Heap after GC invocations=81 (full 10):
 garbage-first heap   total 294912K, used 159635K [0x0000000700000000, 0x0000000800000000)
  region size 2048K, 0 young (0K), 0 survivors (0K)
 Metaspace       used 59835K, committed 60480K, reserved 1114112K
  class space    used 7933K, committed 8256K, reserved 1048576K
}
Event: 26132.122 GC heap before
{Heap before GC invocations=81 (full 10):
 garbage-first heap   total 294912K, used 255891K [0x0000000700000000, 0x0000000800000000)
  region size 2048K, 48 young (98304K), 0 survivors (0K)
 Metaspace       used 60551K, committed 61248K, reserved 1114112K
  class space    used 7986K, committed 8320K, reserved 1048576K
}
Event: 26132.153 GC heap after
{Heap after GC invocations=82 (full 11):
 garbage-first heap   total 294912K, used 160247K [0x0000000700000000, 0x0000000800000000)
  region size 2048K, 0 young (0K), 0 survivors (0K)
 Metaspace       used 60551K, committed 61248K, reserved 1114112K
  class space    used 7986K, committed 8320K, reserved 1048576K
}
Event: 26154.591 GC heap before
{Heap before GC invocations=82 (full 11):
 garbage-first heap   total 294912K, used 252407K [0x0000000700000000, 0x0000000800000000)
  region size 2048K, 46 young (94208K), 0 survivors (0K)
 Metaspace       used 61258K, committed 61952K, reserved 1114112K
  class space    used 8037K, committed 8384K, reserved 1048576K
}
Event: 26154.623 GC heap after
{Heap after GC invocations=83 (full 12):
 garbage-first heap   total 294912K, used 160815K [0x0000000700000000, 0x0000000800000000)
  region size 2048K, 0 young (0K), 0 survivors (0K)
 Metaspace       used 61258K, committed 61952K, reserved 1114112K
  class space    used 8037K, committed 8384K, reserved 1048576K
}
Event: 26215.547 GC heap before
{Heap before GC invocations=83 (full 12):
 garbage-first heap   total 294912K, used 267311K [0x0000000700000000, 0x0000000800000000)
  region size 2048K, 53 young (108544K), 0 survivors (0K)
 Metaspace       used 62454K, committed 63232K, reserved 1114112K
  class space    used 8163K, committed 8512K, reserved 1048576K
}
Event: 26215.553 GC heap after
{Heap after GC invocations=84 (full 12):
 garbage-first heap   total 294912K, used 166635K [0x0000000700000000, 0x0000000800000000)
  region size 2048K, 3 young (6144K), 3 survivors (6144K)
 Metaspace       used 62454K, committed 63232K, reserved 1114112K
  class space    used 8163K, committed 8512K, reserved 1048576K
}
Event: 26220.569 GC heap before
{Heap before GC invocations=85 (full 12):
 garbage-first heap   total 294912K, used 266987K [0x0000000700000000, 0x0000000800000000)
  region size 2048K, 52 young (106496K), 3 survivors (6144K)
 Metaspace       used 63344K, committed 64064K, reserved 1114112K
  class space    used 8227K, committed 8576K, reserved 1048576K
}
Event: 26220.572 GC heap after
{Heap after GC invocations=86 (full 12):
 garbage-first heap   total 294912K, used 166896K [0x0000000700000000, 0x0000000800000000)
  region size 2048K, 3 young (6144K), 3 survivors (6144K)
 Metaspace       used 63344K, committed 64064K, reserved 1114112K
  class space    used 8227K, committed 8576K, reserved 1048576K
}
Event: 26401.698 GC heap before
{Heap before GC invocations=86 (full 12):
 garbage-first heap   total 294912K, used 265200K [0x0000000700000000, 0x0000000800000000)
  region size 2048K, 52 young (106496K), 3 survivors (6144K)
 Metaspace       used 63866K, committed 64640K, reserved 1114112K
  class space    used 8270K, committed 8640K, reserved 1048576K
}
Event: 26401.701 GC heap after
{Heap after GC invocations=87 (full 12):
 garbage-first heap   total 294912K, used 167779K [0x0000000700000000, 0x0000000800000000)
  region size 2048K, 4 young (8192K), 4 survivors (8192K)
 Metaspace       used 63866K, committed 64640K, reserved 1114112K
  class space    used 8270K, committed 8640K, reserved 1048576K
}
Event: 26707.826 GC heap before
{Heap before GC invocations=87 (full 12):
 garbage-first heap   total 294912K, used 264035K [0x0000000700000000, 0x0000000800000000)
  region size 2048K, 51 young (104448K), 4 survivors (8192K)
 Metaspace       used 64028K, committed 64768K, reserved 1114112K
  class space    used 8277K, committed 8640K, reserved 1048576K
}

